<?xml version="1.0" encoding="UTF-8"?>
<!-- Generated by org.testng.reporters.JUnitReportReporter -->
<testsuite hostname="pacman" failures="0" tests="1" name="Pacman.SeleniumFrameworkDesign.tests.ErrorValidation" time="9.700" errors="0" timestamp="2024-09-07T17:23:05 IST" skipped="0">
  <testcase classname="Pacman.SeleniumFrameworkDesign.tests.ErrorValidation" name="submitOrder" time="9.700"/>
</testsuite> <!-- Pacman.SeleniumFrameworkDesign.tests.ErrorValidation -->
