<?xml version="1.0" encoding="UTF-8"?>
<!-- Generated by org.testng.reporters.JUnitReportReporter -->
<testsuite hostname="pacman" failures="0" tests="1" name="Pacman.SeleniumFrameworkDesign.tests.ErrorValidationTest" time="14.117" errors="0" timestamp="2024-11-09T21:19:19 IST" skipped="0">
  <testcase classname="Pacman.SeleniumFrameworkDesign.tests.ErrorValidationTest" name="ProductErrorValidation" time="14.117"/>
</testsuite> <!-- Pacman.SeleniumFrameworkDesign.tests.ErrorValidationTest -->
